<?xml version="1.0" encoding="UTF-8"?>
<testsuite name="org.example.service.TodoServiceTest" tests="1" skipped="0" failures="0" errors="0" timestamp="2023-07-13T09:54:12" hostname="DESKTOP-NDPK63B" time="0.317">
  <properties/>
  <testcase name="searchByIdFailed()" classname="org.example.service.TodoServiceTest" time="0.317"/>
  <system-out><![CDATA[]]></system-out>
  <system-err><![CDATA[]]></system-err>
</testsuite>
